mode: set
github.com/calvarado2004/bookings/internal/handlers/handlers.go:30.62,35.2 1 1
github.com/calvarado2004/bookings/internal/handlers/handlers.go:37.51,42.2 1 1
github.com/calvarado2004/bookings/internal/handlers/handlers.go:44.33,46.2 1 1
github.com/calvarado2004/bookings/internal/handlers/handlers.go:48.67,51.2 1 1
github.com/calvarado2004/bookings/internal/handlers/handlers.go:54.68,58.2 1 1
github.com/calvarado2004/bookings/internal/handlers/handlers.go:60.71,62.2 1 1
github.com/calvarado2004/bookings/internal/handlers/handlers.go:64.69,66.2 1 1
github.com/calvarado2004/bookings/internal/handlers/handlers.go:68.71,70.2 1 0
github.com/calvarado2004/bookings/internal/handlers/handlers.go:73.74,76.9 2 1
github.com/calvarado2004/bookings/internal/handlers/handlers.go:82.2,84.16 2 1
github.com/calvarado2004/bookings/internal/handlers/handlers.go:90.2,109.4 10 1
github.com/calvarado2004/bookings/internal/handlers/handlers.go:76.9,80.3 3 1
github.com/calvarado2004/bookings/internal/handlers/handlers.go:84.16,88.3 3 1
github.com/calvarado2004/bookings/internal/handlers/handlers.go:113.78,115.16 2 1
github.com/calvarado2004/bookings/internal/handlers/handlers.go:121.2,129.16 5 1
github.com/calvarado2004/bookings/internal/handlers/handlers.go:135.2,136.16 2 1
github.com/calvarado2004/bookings/internal/handlers/handlers.go:142.2,143.16 2 1
github.com/calvarado2004/bookings/internal/handlers/handlers.go:149.2,150.16 2 1
github.com/calvarado2004/bookings/internal/handlers/handlers.go:156.2,173.19 6 1
github.com/calvarado2004/bookings/internal/handlers/handlers.go:184.2,185.16 2 1
github.com/calvarado2004/bookings/internal/handlers/handlers.go:191.2,200.16 3 1
github.com/calvarado2004/bookings/internal/handlers/handlers.go:206.2,228.75 5 1
github.com/calvarado2004/bookings/internal/handlers/handlers.go:115.16,119.3 3 1
github.com/calvarado2004/bookings/internal/handlers/handlers.go:129.16,133.3 3 1
github.com/calvarado2004/bookings/internal/handlers/handlers.go:136.16,140.3 3 1
github.com/calvarado2004/bookings/internal/handlers/handlers.go:143.16,147.3 3 1
github.com/calvarado2004/bookings/internal/handlers/handlers.go:150.16,154.3 3 1
github.com/calvarado2004/bookings/internal/handlers/handlers.go:173.19,182.3 5 1
github.com/calvarado2004/bookings/internal/handlers/handlers.go:185.16,189.3 3 1
github.com/calvarado2004/bookings/internal/handlers/handlers.go:200.16,204.3 3 0
github.com/calvarado2004/bookings/internal/handlers/handlers.go:232.70,235.2 1 1
github.com/calvarado2004/bookings/internal/handlers/handlers.go:237.75,240.2 1 1
github.com/calvarado2004/bookings/internal/handlers/handlers.go:243.79,245.16 2 1
github.com/calvarado2004/bookings/internal/handlers/handlers.go:251.2,256.16 5 1
github.com/calvarado2004/bookings/internal/handlers/handlers.go:261.2,262.16 2 1
github.com/calvarado2004/bookings/internal/handlers/handlers.go:268.2,269.16 2 1
github.com/calvarado2004/bookings/internal/handlers/handlers.go:275.2,275.21 1 1
github.com/calvarado2004/bookings/internal/handlers/handlers.go:282.2,294.4 5 1
github.com/calvarado2004/bookings/internal/handlers/handlers.go:245.16,249.3 3 0
github.com/calvarado2004/bookings/internal/handlers/handlers.go:256.16,260.3 3 1
github.com/calvarado2004/bookings/internal/handlers/handlers.go:262.16,266.3 3 1
github.com/calvarado2004/bookings/internal/handlers/handlers.go:269.16,273.3 3 1
github.com/calvarado2004/bookings/internal/handlers/handlers.go:275.21,280.3 3 1
github.com/calvarado2004/bookings/internal/handlers/handlers.go:307.79,310.16 2 1
github.com/calvarado2004/bookings/internal/handlers/handlers.go:323.2,333.16 8 1
github.com/calvarado2004/bookings/internal/handlers/handlers.go:345.2,356.14 4 1
github.com/calvarado2004/bookings/internal/handlers/handlers.go:310.16,321.3 5 1
github.com/calvarado2004/bookings/internal/handlers/handlers.go:333.16,344.3 5 1
github.com/calvarado2004/bookings/internal/handlers/handlers.go:361.81,363.9 2 1
github.com/calvarado2004/bookings/internal/handlers/handlers.go:369.2,383.4 9 1
github.com/calvarado2004/bookings/internal/handlers/handlers.go:363.9,367.3 3 1
github.com/calvarado2004/bookings/internal/handlers/handlers.go:387.73,392.16 3 1
github.com/calvarado2004/bookings/internal/handlers/handlers.go:398.2,399.9 2 1
github.com/calvarado2004/bookings/internal/handlers/handlers.go:405.2,409.67 3 1
github.com/calvarado2004/bookings/internal/handlers/handlers.go:392.16,396.3 3 1
github.com/calvarado2004/bookings/internal/handlers/handlers.go:399.9,403.3 3 1
github.com/calvarado2004/bookings/internal/handlers/handlers.go:414.71,426.16 9 1
github.com/calvarado2004/bookings/internal/handlers/handlers.go:432.2,439.67 6 1
github.com/calvarado2004/bookings/internal/handlers/handlers.go:426.16,430.3 3 1
github.com/calvarado2004/bookings/internal/handlers/handlers.go:442.72,446.2 1 1
github.com/calvarado2004/bookings/internal/handlers/handlers.go:449.76,455.16 3 1
github.com/calvarado2004/bookings/internal/handlers/handlers.go:459.2,466.19 6 1
github.com/calvarado2004/bookings/internal/handlers/handlers.go:473.2,474.16 2 1
github.com/calvarado2004/bookings/internal/handlers/handlers.go:480.2,482.56 3 1
github.com/calvarado2004/bookings/internal/handlers/handlers.go:455.16,457.3 1 0
github.com/calvarado2004/bookings/internal/handlers/handlers.go:466.19,471.3 2 1
github.com/calvarado2004/bookings/internal/handlers/handlers.go:474.16,478.3 3 0
github.com/calvarado2004/bookings/internal/handlers/handlers.go:487.69,493.2 3 1
github.com/calvarado2004/bookings/internal/handlers/handlers.go:496.77,498.2 1 1
github.com/calvarado2004/bookings/internal/handlers/handlers.go:501.83,504.16 2 1
github.com/calvarado2004/bookings/internal/handlers/handlers.go:509.2,515.4 3 1
github.com/calvarado2004/bookings/internal/handlers/handlers.go:504.16,507.3 2 0
github.com/calvarado2004/bookings/internal/handlers/handlers.go:519.86,522.16 2 1
github.com/calvarado2004/bookings/internal/handlers/handlers.go:529.2,535.4 3 1
github.com/calvarado2004/bookings/internal/handlers/handlers.go:522.16,525.3 2 0
github.com/calvarado2004/bookings/internal/handlers/handlers.go:539.88,544.34 2 1
github.com/calvarado2004/bookings/internal/handlers/handlers.go:562.2,598.16 23 1
github.com/calvarado2004/bookings/internal/handlers/handlers.go:603.2,605.26 2 1
github.com/calvarado2004/bookings/internal/handlers/handlers.go:654.2,658.4 1 1
github.com/calvarado2004/bookings/internal/handlers/handlers.go:544.34,547.17 2 1
github.com/calvarado2004/bookings/internal/handlers/handlers.go:552.3,553.17 2 1
github.com/calvarado2004/bookings/internal/handlers/handlers.go:558.3,558.68 1 1
github.com/calvarado2004/bookings/internal/handlers/handlers.go:547.17,550.4 2 0
github.com/calvarado2004/bookings/internal/handlers/handlers.go:553.17,556.4 2 0
github.com/calvarado2004/bookings/internal/handlers/handlers.go:598.16,601.3 2 0
github.com/calvarado2004/bookings/internal/handlers/handlers.go:605.26,612.72 3 0
github.com/calvarado2004/bookings/internal/handlers/handlers.go:620.3,621.17 2 0
github.com/calvarado2004/bookings/internal/handlers/handlers.go:626.3,626.34 1 0
github.com/calvarado2004/bookings/internal/handlers/handlers.go:647.3,650.78 3 0
github.com/calvarado2004/bookings/internal/handlers/handlers.go:612.72,617.4 2 0
github.com/calvarado2004/bookings/internal/handlers/handlers.go:621.17,624.4 2 0
github.com/calvarado2004/bookings/internal/handlers/handlers.go:626.34,627.27 1 0
github.com/calvarado2004/bookings/internal/handlers/handlers.go:627.27,630.71 1 0
github.com/calvarado2004/bookings/internal/handlers/handlers.go:630.71,633.6 1 0
github.com/calvarado2004/bookings/internal/handlers/handlers.go:635.10,644.5 1 0
github.com/calvarado2004/bookings/internal/handlers/handlers.go:662.84,667.16 3 1
github.com/calvarado2004/bookings/internal/handlers/handlers.go:674.2,689.16 9 1
github.com/calvarado2004/bookings/internal/handlers/handlers.go:694.2,702.4 3 1
github.com/calvarado2004/bookings/internal/handlers/handlers.go:667.16,670.3 2 0
github.com/calvarado2004/bookings/internal/handlers/handlers.go:689.16,692.3 2 0
github.com/calvarado2004/bookings/internal/handlers/handlers.go:706.88,709.16 2 1
github.com/calvarado2004/bookings/internal/handlers/handlers.go:714.2,717.16 3 1
github.com/calvarado2004/bookings/internal/handlers/handlers.go:722.2,729.16 5 1
github.com/calvarado2004/bookings/internal/handlers/handlers.go:734.2,740.16 6 1
github.com/calvarado2004/bookings/internal/handlers/handlers.go:745.2,750.16 4 1
github.com/calvarado2004/bookings/internal/handlers/handlers.go:709.16,712.3 2 0
github.com/calvarado2004/bookings/internal/handlers/handlers.go:717.16,720.3 2 0
github.com/calvarado2004/bookings/internal/handlers/handlers.go:729.16,732.3 2 0
github.com/calvarado2004/bookings/internal/handlers/handlers.go:740.16,743.3 2 0
github.com/calvarado2004/bookings/internal/handlers/handlers.go:750.16,753.3 1 1
github.com/calvarado2004/bookings/internal/handlers/handlers.go:753.8,755.3 1 1
github.com/calvarado2004/bookings/internal/handlers/handlers.go:760.87,763.16 2 0
github.com/calvarado2004/bookings/internal/handlers/handlers.go:768.2,771.16 3 0
github.com/calvarado2004/bookings/internal/handlers/handlers.go:776.2,781.16 4 0
github.com/calvarado2004/bookings/internal/handlers/handlers.go:763.16,766.3 2 0
github.com/calvarado2004/bookings/internal/handlers/handlers.go:771.16,774.3 2 0
github.com/calvarado2004/bookings/internal/handlers/handlers.go:781.16,784.3 1 0
github.com/calvarado2004/bookings/internal/handlers/handlers.go:784.8,786.3 1 0
github.com/calvarado2004/bookings/internal/handlers/handlers.go:791.86,794.16 2 0
github.com/calvarado2004/bookings/internal/handlers/handlers.go:799.2,802.16 3 0
github.com/calvarado2004/bookings/internal/handlers/handlers.go:807.2,812.16 4 0
github.com/calvarado2004/bookings/internal/handlers/handlers.go:794.16,797.3 2 0
github.com/calvarado2004/bookings/internal/handlers/handlers.go:802.16,805.3 2 0
github.com/calvarado2004/bookings/internal/handlers/handlers.go:812.16,815.3 1 0
github.com/calvarado2004/bookings/internal/handlers/handlers.go:815.8,817.3 1 0
github.com/calvarado2004/bookings/internal/handlers/handlers.go:820.80,824.16 2 0
github.com/calvarado2004/bookings/internal/handlers/handlers.go:829.2,830.16 2 0
github.com/calvarado2004/bookings/internal/handlers/handlers.go:835.2,836.16 2 0
github.com/calvarado2004/bookings/internal/handlers/handlers.go:843.2,844.16 2 0
github.com/calvarado2004/bookings/internal/handlers/handlers.go:849.2,851.26 2 0
github.com/calvarado2004/bookings/internal/handlers/handlers.go:881.2,881.34 1 0
github.com/calvarado2004/bookings/internal/handlers/handlers.go:904.2,905.119 2 0
github.com/calvarado2004/bookings/internal/handlers/handlers.go:824.16,827.3 2 0
github.com/calvarado2004/bookings/internal/handlers/handlers.go:830.16,833.3 2 0
github.com/calvarado2004/bookings/internal/handlers/handlers.go:836.16,839.3 2 0
github.com/calvarado2004/bookings/internal/handlers/handlers.go:844.16,847.3 2 0
github.com/calvarado2004/bookings/internal/handlers/handlers.go:851.26,857.35 2 0
github.com/calvarado2004/bookings/internal/handlers/handlers.go:857.35,860.35 1 0
github.com/calvarado2004/bookings/internal/handlers/handlers.go:860.35,863.16 1 0
github.com/calvarado2004/bookings/internal/handlers/handlers.go:863.16,864.66 1 0
github.com/calvarado2004/bookings/internal/handlers/handlers.go:864.66,868.21 2 0
github.com/calvarado2004/bookings/internal/handlers/handlers.go:868.21,870.8 1 0
github.com/calvarado2004/bookings/internal/handlers/handlers.go:881.34,882.43 1 0
github.com/calvarado2004/bookings/internal/handlers/handlers.go:882.43,885.18 3 0
github.com/calvarado2004/bookings/internal/handlers/handlers.go:890.4,891.18 2 0
github.com/calvarado2004/bookings/internal/handlers/handlers.go:897.4,898.18 2 0
github.com/calvarado2004/bookings/internal/handlers/handlers.go:885.18,888.5 2 0
github.com/calvarado2004/bookings/internal/handlers/handlers.go:891.18,894.5 2 0
github.com/calvarado2004/bookings/internal/handlers/handlers.go:898.18,900.5 1 0
